CRITICAL - 2023-02-12 17:05:56 --> Invalid file: "mostrar_valores_uf.php"
in SYSTEMPATH\Exceptions\FrameworkException.php on line 33.
 1 SYSTEMPATH\View\View.php(201): CodeIgniter\Exceptions\FrameworkException::forInvalidFile('mostrar_valores_uf.php')
 2 SYSTEMPATH\Common.php(1177): CodeIgniter\View\View->render('mostrar_valores_uf', [], true)
 3 APPPATH\Controllers\Home.php(9): view('mostrar_valores_uf')
 4 SYSTEMPATH\CodeIgniter.php(934): App\Controllers\Home->index()
 5 SYSTEMPATH\CodeIgniter.php(499): CodeIgniter\CodeIgniter->runController(Object(App\Controllers\Home))
 6 SYSTEMPATH\CodeIgniter.php(368): CodeIgniter\CodeIgniter->handleRequest(null, Object(Config\Cache), false)
 7 FCPATH\index.php(67): CodeIgniter\CodeIgniter->run()
CRITICAL - 2023-02-12 18:41:38 --> Invalid file: "indicador/mostrar_grafico.php"
in SYSTEMPATH\Exceptions\FrameworkException.php on line 33.
 1 SYSTEMPATH\View\View.php(201): CodeIgniter\Exceptions\FrameworkException::forInvalidFile('indicador/mostrar_grafico.php')
 2 SYSTEMPATH\Common.php(1177): CodeIgniter\View\View->render('indicador/mostrar_grafico', [], true)
 3 APPPATH\Controllers\Indicadores.php(85): view('indicador/mostrar_grafico', [...])
 4 SYSTEMPATH\CodeIgniter.php(934): App\Controllers\Indicadores->grafico()
 5 SYSTEMPATH\CodeIgniter.php(499): CodeIgniter\CodeIgniter->runController(Object(App\Controllers\Indicadores))
 6 SYSTEMPATH\CodeIgniter.php(368): CodeIgniter\CodeIgniter->handleRequest(null, Object(Config\Cache), false)
 7 FCPATH\index.php(67): CodeIgniter\CodeIgniter->run()
CRITICAL - 2023-02-12 18:43:38 --> Attempt to read property "valor" on array
in APPPATH\Controllers\Indicadores.php on line 81.
 1 APPPATH\Controllers\Indicadores.php(81): CodeIgniter\Debug\Exceptions->errorHandler(2, 'Attempt to read property "valor" on array', 'APPPATH\\Controllers\\Indicadores.php', 81)
 2 VENDORPATH\athari\yalinqo\YaLinqo\Enumerable.php(153): App\Controllers\Indicadores->App\Controllers\{closure}([...], 0)
 3 VENDORPATH\athari\yalinqo\YaLinqo\Enumerable.php(832): YaLinqo\Enumerable->YaLinqo\{closure}()
 4 APPPATH\Controllers\Indicadores.php(82): YaLinqo\Enumerable->toArray()
 5 SYSTEMPATH\CodeIgniter.php(934): App\Controllers\Indicadores->grafico()
 6 SYSTEMPATH\CodeIgniter.php(499): CodeIgniter\CodeIgniter->runController(Object(App\Controllers\Indicadores))
 7 SYSTEMPATH\CodeIgniter.php(368): CodeIgniter\CodeIgniter->handleRequest(null, Object(Config\Cache), false)
 8 FCPATH\index.php(67): CodeIgniter\CodeIgniter->run()
